{
"/Users/dimaslz/Documents/vagrant/lemp/www/sites/github/angular2-boilerplate-gulp/public/app/about/about.js":{"path":"/Users/dimaslz/Documents/vagrant/lemp/www/sites/github/angular2-boilerplate-gulp/public/app/about/about.js","s":{"1":1,"2":1,"3":1,"4":1,"5":0,"6":0,"7":0,"8":1,"9":1,"10":1,"11":1,"12":1,"13":1,"14":1,"15":1,"16":1,"17":1,"18":1,"19":1,"20":1},"b":{"1":[1,1,1],"2":[1,0],"3":[0,0],"4":[1,0],"5":[1,1],"6":[0,0],"7":[0,0],"8":[0,0],"9":[0,0],"10":[1,0,0],"11":[1,1,1],"12":[1,0],"13":[1,1]},"f":{"1":1,"2":1,"3":1,"4":1,"5":0,"6":0},"fnMap":{"1":{"name":"(anonymous_1)","line":1,"loc":{"start":{"line":1,"column":46},"end":{"line":1,"column":87}}},"2":{"name":"(anonymous_2)","line":7,"loc":{"start":{"line":7,"column":46},"end":{"line":7,"column":62}}},"3":{"name":"(anonymous_3)","line":11,"loc":{"start":{"line":11,"column":13},"end":{"line":11,"column":25}}},"4":{"name":"About","line":12,"loc":{"start":{"line":12,"column":4},"end":{"line":12,"column":21}}},"5":{"name":"(anonymous_5)","line":15,"loc":{"start":{"line":15,"column":31},"end":{"line":15,"column":43}}},"6":{"name":"(anonymous_6)","line":16,"loc":{"start":{"line":16,"column":34},"end":{"line":16,"column":46}}}},"statementMap":{"1":{"start":{"line":1,"column":0},"end":{"line":6,"column":2}},"2":{"start":{"line":2,"column":4},"end":{"line":2,"column":129}},"3":{"start":{"line":3,"column":4},"end":{"line":4,"column":150}},"4":{"start":{"line":3,"column":79},"end":{"line":3,"column":131}},"5":{"start":{"line":4,"column":9},"end":{"line":4,"column":150}},"6":{"start":{"line":4,"column":58},"end":{"line":4,"column":150}},"7":{"start":{"line":4,"column":81},"end":{"line":4,"column":150}},"8":{"start":{"line":5,"column":4},"end":{"line":5,"column":66}},"9":{"start":{"line":7,"column":0},"end":{"line":9,"column":2}},"10":{"start":{"line":8,"column":4},"end":{"line":8,"column":109}},"11":{"start":{"line":8,"column":79},"end":{"line":8,"column":109}},"12":{"start":{"line":10,"column":0},"end":{"line":10,"column":38}},"13":{"start":{"line":11,"column":0},"end":{"line":25,"column":5}},"14":{"start":{"line":12,"column":4},"end":{"line":14,"column":5}},"15":{"start":{"line":13,"column":8},"end":{"line":13,"column":29}},"16":{"start":{"line":15,"column":4},"end":{"line":15,"column":47}},"17":{"start":{"line":16,"column":4},"end":{"line":16,"column":50}},"18":{"start":{"line":17,"column":4},"end":{"line":23,"column":14}},"19":{"start":{"line":24,"column":4},"end":{"line":24,"column":17}},"20":{"start":{"line":26,"column":0},"end":{"line":26,"column":22}}},"branchMap":{"1":{"line":1,"type":"binary-expr","locations":[{"start":{"line":1,"column":18},"end":{"line":1,"column":22}},{"start":{"line":1,"column":26},"end":{"line":1,"column":41}},{"start":{"line":1,"column":46},"end":{"line":6,"column":1}}]},"2":{"line":2,"type":"cond-expr","locations":[{"start":{"line":2,"column":42},"end":{"line":2,"column":48}},{"start":{"line":2,"column":51},"end":{"line":2,"column":125}}]},"3":{"line":2,"type":"cond-expr","locations":[{"start":{"line":2,"column":67},"end":{"line":2,"column":118}},{"start":{"line":2,"column":121},"end":{"line":2,"column":125}}]},"4":{"line":3,"type":"if","locations":[{"start":{"line":3,"column":4},"end":{"line":3,"column":4}},{"start":{"line":3,"column":4},"end":{"line":3,"column":4}}]},"5":{"line":3,"type":"binary-expr","locations":[{"start":{"line":3,"column":8},"end":{"line":3,"column":35}},{"start":{"line":3,"column":39},"end":{"line":3,"column":77}}]},"6":{"line":4,"type":"if","locations":[{"start":{"line":4,"column":58},"end":{"line":4,"column":58}},{"start":{"line":4,"column":58},"end":{"line":4,"column":58}}]},"7":{"line":4,"type":"binary-expr","locations":[{"start":{"line":4,"column":86},"end":{"line":4,"column":143}},{"start":{"line":4,"column":148},"end":{"line":4,"column":149}}]},"8":{"line":4,"type":"cond-expr","locations":[{"start":{"line":4,"column":94},"end":{"line":4,"column":98}},{"start":{"line":4,"column":101},"end":{"line":4,"column":143}}]},"9":{"line":4,"type":"cond-expr","locations":[{"start":{"line":4,"column":109},"end":{"line":4,"column":126}},{"start":{"line":4,"column":129},"end":{"line":4,"column":143}}]},"10":{"line":5,"type":"binary-expr","locations":[{"start":{"line":5,"column":11},"end":{"line":5,"column":16}},{"start":{"line":5,"column":20},"end":{"line":5,"column":21}},{"start":{"line":5,"column":25},"end":{"line":5,"column":62}}]},"11":{"line":7,"type":"binary-expr","locations":[{"start":{"line":7,"column":18},"end":{"line":7,"column":22}},{"start":{"line":7,"column":26},"end":{"line":7,"column":41}},{"start":{"line":7,"column":46},"end":{"line":9,"column":1}}]},"12":{"line":8,"type":"if","locations":[{"start":{"line":8,"column":4},"end":{"line":8,"column":4}},{"start":{"line":8,"column":4},"end":{"line":8,"column":4}}]},"13":{"line":8,"type":"binary-expr","locations":[{"start":{"line":8,"column":8},"end":{"line":8,"column":35}},{"start":{"line":8,"column":39},"end":{"line":8,"column":77}}]}},"l":{"1":1,"2":1,"3":1,"4":0,"5":1,"7":1,"8":1,"10":1,"11":1,"12":1,"13":1,"15":1,"16":1,"17":1,"24":1,"26":1}},
"/Users/dimaslz/Documents/vagrant/lemp/www/sites/github/angular2-boilerplate-gulp/public/app/app.js":{"path":"/Users/dimaslz/Documents/vagrant/lemp/www/sites/github/angular2-boilerplate-gulp/public/app/app.js","s":{"1":1,"2":1,"3":1,"4":1,"5":0,"6":0,"7":0,"8":1,"9":1,"10":1,"11":1,"12":1,"13":1,"14":1,"15":1,"16":1,"17":1,"18":1,"19":1,"20":1,"21":0,"22":0,"23":1,"24":1},"b":{"1":[1,1,1],"2":[1,0],"3":[0,0],"4":[1,0],"5":[1,1],"6":[0,0],"7":[0,0],"8":[0,0],"9":[0,0],"10":[1,0,0],"11":[1,1,1],"12":[1,0],"13":[1,1]},"f":{"1":1,"2":1,"3":1,"4":1,"5":0,"6":0,"7":0,"8":0},"fnMap":{"1":{"name":"(anonymous_1)","line":1,"loc":{"start":{"line":1,"column":46},"end":{"line":1,"column":87}}},"2":{"name":"(anonymous_2)","line":7,"loc":{"start":{"line":7,"column":46},"end":{"line":7,"column":62}}},"3":{"name":"(anonymous_3)","line":13,"loc":{"start":{"line":13,"column":11},"end":{"line":13,"column":23}}},"4":{"name":"App","line":14,"loc":{"start":{"line":14,"column":4},"end":{"line":14,"column":19}}},"5":{"name":"(anonymous_5)","line":17,"loc":{"start":{"line":17,"column":29},"end":{"line":17,"column":41}}},"6":{"name":"(anonymous_6)","line":18,"loc":{"start":{"line":18,"column":32},"end":{"line":18,"column":44}}},"7":{"name":"(anonymous_7)","line":29,"loc":{"start":{"line":29,"column":24},"end":{"line":29,"column":36}}},"8":{"name":"(anonymous_8)","line":29,"loc":{"start":{"line":29,"column":85},"end":{"line":29,"column":98}}}},"statementMap":{"1":{"start":{"line":1,"column":0},"end":{"line":6,"column":2}},"2":{"start":{"line":2,"column":4},"end":{"line":2,"column":129}},"3":{"start":{"line":3,"column":4},"end":{"line":4,"column":150}},"4":{"start":{"line":3,"column":79},"end":{"line":3,"column":131}},"5":{"start":{"line":4,"column":9},"end":{"line":4,"column":150}},"6":{"start":{"line":4,"column":58},"end":{"line":4,"column":150}},"7":{"start":{"line":4,"column":81},"end":{"line":4,"column":150}},"8":{"start":{"line":5,"column":4},"end":{"line":5,"column":66}},"9":{"start":{"line":7,"column":0},"end":{"line":9,"column":2}},"10":{"start":{"line":8,"column":4},"end":{"line":8,"column":109}},"11":{"start":{"line":8,"column":79},"end":{"line":8,"column":109}},"12":{"start":{"line":10,"column":0},"end":{"line":10,"column":38}},"13":{"start":{"line":11,"column":0},"end":{"line":11,"column":42}},"14":{"start":{"line":12,"column":0},"end":{"line":12,"column":36}},"15":{"start":{"line":13,"column":0},"end":{"line":37,"column":5}},"16":{"start":{"line":14,"column":4},"end":{"line":16,"column":5}},"17":{"start":{"line":15,"column":8},"end":{"line":15,"column":27}},"18":{"start":{"line":17,"column":4},"end":{"line":17,"column":45}},"19":{"start":{"line":18,"column":4},"end":{"line":18,"column":48}},"20":{"start":{"line":19,"column":4},"end":{"line":35,"column":12}},"21":{"start":{"line":29,"column":38},"end":{"line":29,"column":119}},"22":{"start":{"line":29,"column":100},"end":{"line":29,"column":115}},"23":{"start":{"line":36,"column":4},"end":{"line":36,"column":15}},"24":{"start":{"line":38,"column":0},"end":{"line":38,"column":18}}},"branchMap":{"1":{"line":1,"type":"binary-expr","locations":[{"start":{"line":1,"column":18},"end":{"line":1,"column":22}},{"start":{"line":1,"column":26},"end":{"line":1,"column":41}},{"start":{"line":1,"column":46},"end":{"line":6,"column":1}}]},"2":{"line":2,"type":"cond-expr","locations":[{"start":{"line":2,"column":42},"end":{"line":2,"column":48}},{"start":{"line":2,"column":51},"end":{"line":2,"column":125}}]},"3":{"line":2,"type":"cond-expr","locations":[{"start":{"line":2,"column":67},"end":{"line":2,"column":118}},{"start":{"line":2,"column":121},"end":{"line":2,"column":125}}]},"4":{"line":3,"type":"if","locations":[{"start":{"line":3,"column":4},"end":{"line":3,"column":4}},{"start":{"line":3,"column":4},"end":{"line":3,"column":4}}]},"5":{"line":3,"type":"binary-expr","locations":[{"start":{"line":3,"column":8},"end":{"line":3,"column":35}},{"start":{"line":3,"column":39},"end":{"line":3,"column":77}}]},"6":{"line":4,"type":"if","locations":[{"start":{"line":4,"column":58},"end":{"line":4,"column":58}},{"start":{"line":4,"column":58},"end":{"line":4,"column":58}}]},"7":{"line":4,"type":"binary-expr","locations":[{"start":{"line":4,"column":86},"end":{"line":4,"column":143}},{"start":{"line":4,"column":148},"end":{"line":4,"column":149}}]},"8":{"line":4,"type":"cond-expr","locations":[{"start":{"line":4,"column":94},"end":{"line":4,"column":98}},{"start":{"line":4,"column":101},"end":{"line":4,"column":143}}]},"9":{"line":4,"type":"cond-expr","locations":[{"start":{"line":4,"column":109},"end":{"line":4,"column":126}},{"start":{"line":4,"column":129},"end":{"line":4,"column":143}}]},"10":{"line":5,"type":"binary-expr","locations":[{"start":{"line":5,"column":11},"end":{"line":5,"column":16}},{"start":{"line":5,"column":20},"end":{"line":5,"column":21}},{"start":{"line":5,"column":25},"end":{"line":5,"column":62}}]},"11":{"line":7,"type":"binary-expr","locations":[{"start":{"line":7,"column":18},"end":{"line":7,"column":22}},{"start":{"line":7,"column":26},"end":{"line":7,"column":41}},{"start":{"line":7,"column":46},"end":{"line":9,"column":1}}]},"12":{"line":8,"type":"if","locations":[{"start":{"line":8,"column":4},"end":{"line":8,"column":4}},{"start":{"line":8,"column":4},"end":{"line":8,"column":4}}]},"13":{"line":8,"type":"binary-expr","locations":[{"start":{"line":8,"column":8},"end":{"line":8,"column":35}},{"start":{"line":8,"column":39},"end":{"line":8,"column":77}}]}},"l":{"1":1,"2":1,"3":1,"4":0,"5":1,"7":1,"8":1,"10":1,"11":1,"12":1,"13":1,"14":1,"15":1,"17":1,"18":1,"19":1,"29":0,"36":1,"38":1}},
"/Users/dimaslz/Documents/vagrant/lemp/www/sites/github/angular2-boilerplate-gulp/public/app/home/home.js":{"path":"/Users/dimaslz/Documents/vagrant/lemp/www/sites/github/angular2-boilerplate-gulp/public/app/home/home.js","s":{"1":1,"2":1,"3":1,"4":1,"5":0,"6":0,"7":0,"8":1,"9":1,"10":1,"11":1,"12":1,"13":1,"14":1,"15":1,"16":1,"17":1,"18":1,"19":1,"20":1},"b":{"1":[1,1,1],"2":[1,0],"3":[0,0],"4":[1,0],"5":[1,1],"6":[0,0],"7":[0,0],"8":[0,0],"9":[0,0],"10":[1,0,0],"11":[1,1,1],"12":[1,0],"13":[1,1]},"f":{"1":1,"2":1,"3":1,"4":1,"5":0,"6":0},"fnMap":{"1":{"name":"(anonymous_1)","line":1,"loc":{"start":{"line":1,"column":46},"end":{"line":1,"column":87}}},"2":{"name":"(anonymous_2)","line":7,"loc":{"start":{"line":7,"column":46},"end":{"line":7,"column":62}}},"3":{"name":"(anonymous_3)","line":11,"loc":{"start":{"line":11,"column":12},"end":{"line":11,"column":24}}},"4":{"name":"Home","line":12,"loc":{"start":{"line":12,"column":4},"end":{"line":12,"column":20}}},"5":{"name":"(anonymous_5)","line":15,"loc":{"start":{"line":15,"column":30},"end":{"line":15,"column":42}}},"6":{"name":"(anonymous_6)","line":16,"loc":{"start":{"line":16,"column":33},"end":{"line":16,"column":45}}}},"statementMap":{"1":{"start":{"line":1,"column":0},"end":{"line":6,"column":2}},"2":{"start":{"line":2,"column":4},"end":{"line":2,"column":129}},"3":{"start":{"line":3,"column":4},"end":{"line":4,"column":150}},"4":{"start":{"line":3,"column":79},"end":{"line":3,"column":131}},"5":{"start":{"line":4,"column":9},"end":{"line":4,"column":150}},"6":{"start":{"line":4,"column":58},"end":{"line":4,"column":150}},"7":{"start":{"line":4,"column":81},"end":{"line":4,"column":150}},"8":{"start":{"line":5,"column":4},"end":{"line":5,"column":66}},"9":{"start":{"line":7,"column":0},"end":{"line":9,"column":2}},"10":{"start":{"line":8,"column":4},"end":{"line":8,"column":109}},"11":{"start":{"line":8,"column":79},"end":{"line":8,"column":109}},"12":{"start":{"line":10,"column":0},"end":{"line":10,"column":38}},"13":{"start":{"line":11,"column":0},"end":{"line":25,"column":5}},"14":{"start":{"line":12,"column":4},"end":{"line":14,"column":5}},"15":{"start":{"line":13,"column":8},"end":{"line":13,"column":28}},"16":{"start":{"line":15,"column":4},"end":{"line":15,"column":46}},"17":{"start":{"line":16,"column":4},"end":{"line":16,"column":49}},"18":{"start":{"line":17,"column":4},"end":{"line":23,"column":13}},"19":{"start":{"line":24,"column":4},"end":{"line":24,"column":16}},"20":{"start":{"line":26,"column":0},"end":{"line":26,"column":20}}},"branchMap":{"1":{"line":1,"type":"binary-expr","locations":[{"start":{"line":1,"column":18},"end":{"line":1,"column":22}},{"start":{"line":1,"column":26},"end":{"line":1,"column":41}},{"start":{"line":1,"column":46},"end":{"line":6,"column":1}}]},"2":{"line":2,"type":"cond-expr","locations":[{"start":{"line":2,"column":42},"end":{"line":2,"column":48}},{"start":{"line":2,"column":51},"end":{"line":2,"column":125}}]},"3":{"line":2,"type":"cond-expr","locations":[{"start":{"line":2,"column":67},"end":{"line":2,"column":118}},{"start":{"line":2,"column":121},"end":{"line":2,"column":125}}]},"4":{"line":3,"type":"if","locations":[{"start":{"line":3,"column":4},"end":{"line":3,"column":4}},{"start":{"line":3,"column":4},"end":{"line":3,"column":4}}]},"5":{"line":3,"type":"binary-expr","locations":[{"start":{"line":3,"column":8},"end":{"line":3,"column":35}},{"start":{"line":3,"column":39},"end":{"line":3,"column":77}}]},"6":{"line":4,"type":"if","locations":[{"start":{"line":4,"column":58},"end":{"line":4,"column":58}},{"start":{"line":4,"column":58},"end":{"line":4,"column":58}}]},"7":{"line":4,"type":"binary-expr","locations":[{"start":{"line":4,"column":86},"end":{"line":4,"column":143}},{"start":{"line":4,"column":148},"end":{"line":4,"column":149}}]},"8":{"line":4,"type":"cond-expr","locations":[{"start":{"line":4,"column":94},"end":{"line":4,"column":98}},{"start":{"line":4,"column":101},"end":{"line":4,"column":143}}]},"9":{"line":4,"type":"cond-expr","locations":[{"start":{"line":4,"column":109},"end":{"line":4,"column":126}},{"start":{"line":4,"column":129},"end":{"line":4,"column":143}}]},"10":{"line":5,"type":"binary-expr","locations":[{"start":{"line":5,"column":11},"end":{"line":5,"column":16}},{"start":{"line":5,"column":20},"end":{"line":5,"column":21}},{"start":{"line":5,"column":25},"end":{"line":5,"column":62}}]},"11":{"line":7,"type":"binary-expr","locations":[{"start":{"line":7,"column":18},"end":{"line":7,"column":22}},{"start":{"line":7,"column":26},"end":{"line":7,"column":41}},{"start":{"line":7,"column":46},"end":{"line":9,"column":1}}]},"12":{"line":8,"type":"if","locations":[{"start":{"line":8,"column":4},"end":{"line":8,"column":4}},{"start":{"line":8,"column":4},"end":{"line":8,"column":4}}]},"13":{"line":8,"type":"binary-expr","locations":[{"start":{"line":8,"column":8},"end":{"line":8,"column":35}},{"start":{"line":8,"column":39},"end":{"line":8,"column":77}}]}},"l":{"1":1,"2":1,"3":1,"4":0,"5":1,"7":1,"8":1,"10":1,"11":1,"12":1,"13":1,"15":1,"16":1,"17":1,"24":1,"26":1}}}
